[ 2016-05-08T15:15:39+08:00 ] 127.0.0.1 /index.php
INFO: [ app_init ] --START--
INFO: Run Behavior\BuildLiteBehavior [ RunTime:0.000000s ]
INFO: [ app_init ] --END-- [ RunTime:0.002000s ]
INFO: [ app_begin ] --START--
INFO: Run Behavior\ReadHtmlCacheBehavior [ RunTime:0.003000s ]
INFO: [ app_begin ] --END-- [ RunTime:0.003000s ]
INFO: [ view_parse ] --START--
INFO: [ template_filter ] --START--
INFO: Run Behavior\ContentReplaceBehavior [ RunTime:0.000000s ]
INFO: [ template_filter ] --END-- [ RunTime:0.001000s ]
INFO: Run Behavior\ParseTemplateBehavior [ RunTime:0.022002s ]
INFO: [ view_parse ] --END-- [ RunTime:0.023002s ]
INFO: [ view_filter ] --START--
INFO: Run Behavior\WriteHtmlCacheBehavior [ RunTime:0.001000s ]
INFO: [ view_filter ] --END-- [ RunTime:0.001000s ]
INFO: [ app_end ] --START--
INFO: Run Behavior\ShowPageTraceBehavior [ RunTime:0.003000s ]
INFO: [ app_end ] --END-- [ RunTime:0.003000s ]

[ 2016-05-08T22:23:42+08:00 ] 127.0.0.1 /index.php
INFO: [ app_init ] --START--
INFO: Run Behavior\BuildLiteBehavior [ RunTime:0.000000s ]
INFO: [ app_init ] --END-- [ RunTime:0.002000s ]
INFO: [ app_begin ] --START--
INFO: Run Behavior\ReadHtmlCacheBehavior [ RunTime:0.002001s ]
INFO: [ app_begin ] --END-- [ RunTime:0.002001s ]
INFO: [ view_parse ] --START--
INFO: Run Behavior\ParseTemplateBehavior [ RunTime:0.001000s ]
INFO: [ view_parse ] --END-- [ RunTime:0.002000s ]
INFO: [ view_filter ] --START--
INFO: Run Behavior\WriteHtmlCacheBehavior [ RunTime:0.001000s ]
INFO: [ view_filter ] --END-- [ RunTime:0.001000s ]
INFO: [ app_end ] --START--
INFO: Run Behavior\ShowPageTraceBehavior [ RunTime:0.002000s ]
INFO: [ app_end ] --END-- [ RunTime:0.003000s ]

[ 2016-05-08T22:23:47+08:00 ] 127.0.0.1 /index.php
INFO: [ app_init ] --START--
INFO: Run Behavior\BuildLiteBehavior [ RunTime:0.000000s ]
INFO: [ app_init ] --END-- [ RunTime:0.002000s ]
INFO: [ app_begin ] --START--
INFO: Run Behavior\ReadHtmlCacheBehavior [ RunTime:0.002000s ]
INFO: [ app_begin ] --END-- [ RunTime:0.002000s ]
INFO: [ view_parse ] --START--
INFO: Run Behavior\ParseTemplateBehavior [ RunTime:0.001000s ]
INFO: [ view_parse ] --END-- [ RunTime:0.001000s ]
INFO: [ view_filter ] --START--
INFO: Run Behavior\WriteHtmlCacheBehavior [ RunTime:0.002000s ]
INFO: [ view_filter ] --END-- [ RunTime:0.002000s ]
INFO: [ app_end ] --START--
INFO: Run Behavior\ShowPageTraceBehavior [ RunTime:0.003001s ]
INFO: [ app_end ] --END-- [ RunTime:0.003001s ]

[ 2016-05-08T22:25:11+08:00 ] 127.0.0.1 /index.php
INFO: [ app_init ] --START--
INFO: Run Behavior\BuildLiteBehavior [ RunTime:0.000000s ]
INFO: [ app_init ] --END-- [ RunTime:0.001000s ]
INFO: [ app_begin ] --START--
INFO: Run Behavior\ReadHtmlCacheBehavior [ RunTime:0.002000s ]
INFO: [ app_begin ] --END-- [ RunTime:0.002000s ]
INFO: [ view_parse ] --START--
INFO: Run Behavior\ParseTemplateBehavior [ RunTime:0.001000s ]
INFO: [ view_parse ] --END-- [ RunTime:0.001000s ]
INFO: [ view_filter ] --START--
INFO: Run Behavior\WriteHtmlCacheBehavior [ RunTime:0.000000s ]
INFO: [ view_filter ] --END-- [ RunTime:0.002000s ]
INFO: [ app_end ] --START--
INFO: Run Behavior\ShowPageTraceBehavior [ RunTime:0.001000s ]
INFO: [ app_end ] --END-- [ RunTime:0.002000s ]

[ 2016-05-08T23:12:39+08:00 ] 127.0.0.1 /index.php/Index/add
INFO: [ app_init ] --START--
INFO: Run Behavior\BuildLiteBehavior [ RunTime:0.000000s ]
INFO: [ app_init ] --END-- [ RunTime:0.002000s ]
INFO: [ app_begin ] --START--
INFO: Run Behavior\ReadHtmlCacheBehavior [ RunTime:0.004001s ]
INFO: [ app_begin ] --END-- [ RunTime:0.004001s ]
ERR: 非法操作:add

[ 2016-05-08T23:12:47+08:00 ] 127.0.0.1 /index.php/Supplier/add
INFO: [ app_init ] --START--
INFO: Run Behavior\BuildLiteBehavior [ RunTime:0.000000s ]
INFO: [ app_init ] --END-- [ RunTime:0.002000s ]
INFO: [ app_begin ] --START--
INFO: Run Behavior\ReadHtmlCacheBehavior [ RunTime:0.002000s ]
INFO: [ app_begin ] --END-- [ RunTime:0.002000s ]
ERR: 无法加载控制器:Supplier

[ 2016-05-08T23:13:05+08:00 ] 127.0.0.1 /Supplier/add
INFO: [ app_init ] --START--
INFO: Run Behavior\BuildLiteBehavior [ RunTime:0.001001s ]
INFO: [ app_init ] --END-- [ RunTime:0.002001s ]
INFO: [ app_begin ] --START--
INFO: Run Behavior\ReadHtmlCacheBehavior [ RunTime:0.008000s ]
INFO: [ app_begin ] --END-- [ RunTime:0.008000s ]
ERR: 无法加载控制器:Supplier

[ 2016-05-08T23:13:07+08:00 ] 127.0.0.1 /Supplier/add
INFO: [ app_init ] --START--
INFO: Run Behavior\BuildLiteBehavior [ RunTime:0.000000s ]
INFO: [ app_init ] --END-- [ RunTime:0.002001s ]
INFO: [ app_begin ] --START--
INFO: Run Behavior\ReadHtmlCacheBehavior [ RunTime:0.009000s ]
INFO: [ app_begin ] --END-- [ RunTime:0.009000s ]
ERR: 无法加载控制器:Supplier

[ 2016-05-08T23:14:04+08:00 ] 127.0.0.1 /Admin/Supplier/add
INFO: [ app_init ] --START--
INFO: Run Behavior\BuildLiteBehavior [ RunTime:0.000000s ]
INFO: [ app_init ] --END-- [ RunTime:0.001000s ]
INFO: [ app_begin ] --START--
INFO: Run Behavior\ReadHtmlCacheBehavior [ RunTime:0.003000s ]
INFO: [ app_begin ] --END-- [ RunTime:0.003000s ]
ERR: 无法加载控制器:Admin

[ 2016-05-08T23:14:11+08:00 ] 127.0.0.1 /Home/Supplier/add
INFO: [ app_init ] --START--
INFO: Run Behavior\BuildLiteBehavior [ RunTime:0.000000s ]
INFO: [ app_init ] --END-- [ RunTime:0.002000s ]
INFO: [ app_begin ] --START--
INFO: Run Behavior\ReadHtmlCacheBehavior [ RunTime:0.003001s ]
INFO: [ app_begin ] --END-- [ RunTime:0.003001s ]
ERR: 无法加载控制器:Home

[ 2016-05-08T23:14:14+08:00 ] 127.0.0.1 /Admin/Supplier/add
INFO: [ app_init ] --START--
INFO: Run Behavior\BuildLiteBehavior [ RunTime:0.000000s ]
INFO: [ app_init ] --END-- [ RunTime:0.001000s ]
INFO: [ app_begin ] --START--
INFO: Run Behavior\ReadHtmlCacheBehavior [ RunTime:0.002000s ]
INFO: [ app_begin ] --END-- [ RunTime:0.002000s ]
ERR: 无法加载控制器:Admin

[ 2016-05-08T23:15:13+08:00 ] 127.0.0.1 /Admin/Supplier/add
INFO: [ app_init ] --START--
INFO: Run Behavior\BuildLiteBehavior [ RunTime:0.000000s ]
INFO: [ app_init ] --END-- [ RunTime:0.002000s ]
INFO: [ app_begin ] --START--
INFO: Run Behavior\ReadHtmlCacheBehavior [ RunTime:0.002000s ]
INFO: [ app_begin ] --END-- [ RunTime:0.002000s ]
ERR: 无法加载控制器:Admin

[ 2016-05-08T23:15:16+08:00 ] 127.0.0.1 /Admin/Supplier/add
INFO: [ app_init ] --START--
INFO: Run Behavior\BuildLiteBehavior [ RunTime:0.000000s ]
INFO: [ app_init ] --END-- [ RunTime:0.002001s ]
INFO: [ app_begin ] --START--
INFO: Run Behavior\ReadHtmlCacheBehavior [ RunTime:0.002000s ]
INFO: [ app_begin ] --END-- [ RunTime:0.002000s ]
ERR: 无法加载控制器:Admin

[ 2016-05-08T23:15:55+08:00 ] 127.0.0.1 /Admin/Supplier/add
INFO: [ app_init ] --START--
INFO: Run Behavior\BuildLiteBehavior [ RunTime:0.000000s ]
INFO: [ app_init ] --END-- [ RunTime:0.001000s ]
INFO: [ app_begin ] --START--
INFO: Run Behavior\ReadHtmlCacheBehavior [ RunTime:0.004000s ]
INFO: [ app_begin ] --END-- [ RunTime:0.004000s ]
ERR: 无法加载控制器:Admin

[ 2016-05-08T23:17:39+08:00 ] 127.0.0.1 /Admin/Index/index
INFO: [ app_init ] --START--
INFO: Run Behavior\BuildLiteBehavior [ RunTime:0.000000s ]
INFO: [ app_init ] --END-- [ RunTime:0.001001s ]
INFO: [ app_begin ] --START--
INFO: Run Behavior\ReadHtmlCacheBehavior [ RunTime:0.003000s ]
INFO: [ app_begin ] --END-- [ RunTime:0.003000s ]
ERR: 无法加载控制器:Admin

[ 2016-05-08T23:25:07+08:00 ] 127.0.0.1 /index.php/Admin/Supplier/add.html
ERR: 无法加载控制器:Supplier

[ 2016-05-08T23:25:22+08:00 ] 127.0.0.1 /index.php/Admin/Supplier/add.html
ERR: 无法加载控制器:Admin

[ 2016-05-08T23:25:25+08:00 ] 127.0.0.1 /index.php/Admin/Supplier/add.html
ERR: 无法加载控制器:Admin

[ 2016-05-08T23:25:43+08:00 ] 127.0.0.1 /index.php/Admin/Supplier/add.html
ERR: 无法加载控制器:Admin

[ 2016-05-08T23:25:45+08:00 ] 127.0.0.1 /index.php/Admin/Supplier/add.html
ERR: 无法加载控制器:Admin

[ 2016-05-08T23:25:45+08:00 ] 127.0.0.1 /index.php/Admin/Supplier/add.html
ERR: 无法加载控制器:Admin

[ 2016-05-08T23:25:45+08:00 ] 127.0.0.1 /index.php/Admin/Supplier/add.html
ERR: 无法加载控制器:Admin

[ 2016-05-08T23:26:16+08:00 ] 127.0.0.1 /index.php/Admin/Supplier/add
ERR: 无法加载控制器:Admin

[ 2016-05-08T23:26:53+08:00 ] 127.0.0.1 /index.php/Admin/Supplier/add
ERR: 无法加载控制器:Admin

[ 2016-05-08T23:26:56+08:00 ] 127.0.0.1 /index.php/Admin/Supplier/add.html
ERR: 无法加载控制器:Admin

[ 2016-05-08T23:27:10+08:00 ] 127.0.0.1 /index.php/Admin/Supplier/add.html
ERR: 无法加载控制器:Admin

[ 2016-05-08T23:33:14+08:00 ] 127.0.0.1 /index.php/Admin/Supplier/add.html
ERR: 无法加载控制器:Admin

[ 2016-05-08T23:33:17+08:00 ] 127.0.0.1 /index.php/Admin/Supplier/add.html
ERR: 无法加载控制器:Admin

[ 2016-05-08T23:34:55+08:00 ] 127.0.0.1 /index.php/Admin/Supplier/add.html
ERR: 无法加载控制器:Admin

[ 2016-05-08T23:36:03+08:00 ] 127.0.0.1 /index.php/Admin/Supplier/add.html
ERR: 无法加载控制器:Admin

[ 2016-05-08T23:40:35+08:00 ] 127.0.0.1 /index.php/Admin/Supplier/add.html
ERR: 无法加载控制器:Admin

[ 2016-05-08T23:42:12+08:00 ] 127.0.0.1 /index.php/Admin
ERR: 无法加载控制器:Admin

[ 2016-05-08T23:42:21+08:00 ] 127.0.0.1 /index.php/Application/Admin
ERR: 无法加载控制器:Application

[ 2016-05-08T23:42:44+08:00 ] 127.0.0.1 /admin.shop.com/Admin/Supplier/add.html
ERR: 无法加载控制器:Admin.shop.com

[ 2016-05-08T23:42:52+08:00 ] 127.0.0.1 /Admin/Supplier/add.html
ERR: 无法加载控制器:Admin

[ 2016-05-08T23:44:19+08:00 ] 127.0.0.1 /Admin/Supplier/add.html
ERR: 无法加载控制器:Admin

[ 2016-05-08T23:45:05+08:00 ] 127.0.0.1 /Admin/Supplier/add.html
ERR: 无法加载控制器:Admin

[ 2016-05-08T23:45:45+08:00 ] 127.0.0.1 /Admin/Supplier/add.html
ERR: 无法加载控制器:Admin

[ 2016-05-08T23:48:44+08:00 ] 127.0.0.1 /index.php/Admin/Supplier/add.html
ERR: 无法加载控制器:Admin

[ 2016-05-08T23:48:54+08:00 ] 127.0.0.1 /index.php/Supplier/add.html
ERR: 无法加载控制器:Supplier

[ 2016-05-08T23:49:01+08:00 ] 127.0.0.1 /index.php/Admin/Supplier/add.html
ERR: 无法加载控制器:Admin

[ 2016-05-08T23:49:03+08:00 ] 127.0.0.1 /index.php/Admin/Supplier/add.html
ERR: 无法加载控制器:Admin

[ 2016-05-08T23:53:58+08:00 ] 127.0.0.1 /index.php/Admin/Supplier/add.html
ERR: 无法加载控制器:Admin

[ 2016-05-08T23:54:00+08:00 ] 127.0.0.1 /index.php/Admin/Supplier/add.html
ERR: 无法加载控制器:Admin

[ 2016-05-08T23:54:29+08:00 ] 127.0.0.1 /index.php/Admin/Supplier/add.html
ERR: 无法加载控制器:Admin

